Using pre-set license
Built from '2020.3/staging' branch; Version is '2020.3.10f1 (297d780c91bc) revision 2719096'; Using compiler version '192528614'; Build Type 'Release'
OS: 'Windows 10 Home; OS build 19041.985; Version 2004; 64bit' Language: 'tr' Physical Memory: 16314 MB
BatchMode: 1, IsHumanControllingUs: 0, StartBugReporterOnCrash: 0, Is64bit: 1, IsPro: 0

 COMMAND LINE ARGUMENTS:
C:\Program Files\Unity\Hub\Editor\2020.3.10f1\Editor\Unity.exe
-adb2
-batchMode
-noUpm
-name
AssetImportWorker0
-projectPath
C:/UnityProjects/Army Gatherer
-logFile
Logs/AssetImportWorker0.log
-srvPort
50140
Successfully changed project path to: C:/UnityProjects/Army Gatherer
C:/UnityProjects/Army Gatherer
Using Asset Import Pipeline V2.
Refreshing native plugins compatible for Editor in 35.78 ms, found 2 plugins.
Preloading 0 native plugins for Editor in 0.00 ms.
Initialize engine version: 2020.3.10f1 (297d780c91bc)
[Subsystems] Discovering subsystems at path C:/Program Files/Unity/Hub/Editor/2020.3.10f1/Editor/Data/Resources/UnitySubsystems
[Subsystems] Discovering subsystems at path C:/UnityProjects/Army Gatherer/Assets
GfxDevice: creating device client; threaded=0
Direct3D:
    Version:  Direct3D 11.0 [level 11.1]
    Renderer: NVIDIA GeForce GTX 1070 (ID=0x1b81)
    Vendor:   
    VRAM:     8088 MB
    Driver:   27.21.14.5167
Initialize mono
Mono path[0] = 'C:/Program Files/Unity/Hub/Editor/2020.3.10f1/Editor/Data/Managed'
Mono path[1] = 'C:/Program Files/Unity/Hub/Editor/2020.3.10f1/Editor/Data/MonoBleedingEdge/lib/mono/unityjit'
Mono config path = 'C:/Program Files/Unity/Hub/Editor/2020.3.10f1/Editor/Data/MonoBleedingEdge/etc'
Using monoOptions --debugger-agent=transport=dt_socket,embedding=1,server=y,suspend=n,address=127.0.0.1:56752
Begin MonoManager ReloadAssembly
Registering precompiled unity dll's ...
Register platform support module: C:/Program Files/Unity/Hub/Editor/2020.3.10f1/Editor/Data/PlaybackEngines/WindowsStandaloneSupport/UnityEditor.WindowsStandalone.Extensions.dll
Registered in 0.001709 seconds.
Native extension for WindowsStandalone target not found
Refreshing native plugins compatible for Editor in 35.43 ms, found 2 plugins.
Preloading 0 native plugins for Editor in 0.00 ms.
Mono: successfully reloaded assembly
- Completed reload, in  1.761 seconds
Platform modules already initialized, skipping
Registering precompiled user dll's ...
Registered in 0.006257 seconds.
Begin MonoManager ReloadAssembly
Native extension for WindowsStandalone target not found
Refreshing native plugins compatible for Editor in 0.25 ms, found 2 plugins.
Preloading 0 native plugins for Editor in 0.00 ms.
Mono: successfully reloaded assembly
- Completed reload, in  0.927 seconds
Platform modules already initialized, skipping
========================================================================
Worker process is ready to serve import requests
Launched and connected shader compiler UnityShaderCompiler.exe after 0.05 seconds
Refreshing native plugins compatible for Editor in 0.31 ms, found 2 plugins.
Preloading 0 native plugins for Editor in 0.00 ms.
Unloading 1415 Unused Serialized files (Serialized files now loaded: 0)
System memory in use before: 65.3 MB.
System memory in use after: 65.3 MB.

Unloading 18 unused Assets to reduce memory usage. Loaded Objects now: 1850.
Total: 1.799200 ms (FindLiveObjects: 0.126200 ms CreateObjectMapping: 0.041100 ms MarkObjects: 1.577300 ms  DeleteObjects: 0.053500 ms)

========================================================================
Received Import Request.
  path: Assets/Scripts/Weapons/Sword/SwordData.asset
  artifactKey: Guid(b1a8bcdc92422bc4799acdf329504d81) Importer(815301076,1909f56bfc062723c751e8b465ee728b)
Start importing Assets/Scripts/Weapons/Sword/SwordData.asset using Guid(b1a8bcdc92422bc4799acdf329504d81) Importer(815301076,1909f56bfc062723c751e8b465ee728b)  -> (artifact id: '3874acea9eca78705010f8fa6747b2ac') in 0.029003 seconds
  Import took 0.030822 seconds .

========================================================================
Received Import Request.
  Time since last request: 17.799465 seconds.
  path: Assets/Scripts/Weapons/UnArmedWeapon
  artifactKey: Guid(f5ceb1357efbb0243912e97954c3595f) Importer(815301076,1909f56bfc062723c751e8b465ee728b)
Start importing Assets/Scripts/Weapons/UnArmedWeapon using Guid(f5ceb1357efbb0243912e97954c3595f) Importer(815301076,1909f56bfc062723c751e8b465ee728b)  -> (artifact id: '2bc9154050164f603960b3492005f66d') in 0.006908 seconds
  Import took 0.009276 seconds .

========================================================================
Received Import Request.
  Time since last request: 2.611084 seconds.
  path: Assets/Scripts/Weapons/UnArmedWeapon/UnarmedWeapon.cs
  artifactKey: Guid(d2244c4b92551334caf8e6972ba5ff3e) Importer(815301076,1909f56bfc062723c751e8b465ee728b)
Start importing Assets/Scripts/Weapons/UnArmedWeapon/UnarmedWeapon.cs using Guid(d2244c4b92551334caf8e6972ba5ff3e) Importer(815301076,1909f56bfc062723c751e8b465ee728b)  -> (artifact id: 'b5acd686197d37a5ab677e12bc8aef3b') in 0.014684 seconds
  Import took 0.017033 seconds .

========================================================================
Received Prepare
Refreshing native plugins compatible for Editor in 3.33 ms, found 2 plugins.
Preloading 0 native plugins for Editor in 0.00 ms.
Unloading 12 Unused Serialized files (Serialized files now loaded: 0)
System memory in use before: 37.4 MB.
System memory in use after: 37.5 MB.

Unloading 11 unused Assets to reduce memory usage. Loaded Objects now: 1850.
Total: 1.881700 ms (FindLiveObjects: 0.110300 ms CreateObjectMapping: 0.039700 ms MarkObjects: 1.701300 ms  DeleteObjects: 0.027500 ms)

========================================================================
Received Import Request.
  Time since last request: 9.009389 seconds.
  path: Assets/Scripts/Weapons/UnArmedWeapon/UnarmedWeapon.asset
  artifactKey: Guid(656e94b6b2e8fab48858401ac4c1aea0) Importer(815301076,1909f56bfc062723c751e8b465ee728b)
Start importing Assets/Scripts/Weapons/UnArmedWeapon/UnarmedWeapon.asset using Guid(656e94b6b2e8fab48858401ac4c1aea0) Importer(815301076,1909f56bfc062723c751e8b465ee728b)  -> (artifact id: 'e246d9fdd01f8c510a3d660a25d9eb6a') in 0.004449 seconds
  Import took 0.006302 seconds .

========================================================================
Received Import Request.
  Time since last request: 20.505198 seconds.
  path: Assets/Scripts/Weapons/UnArmedWeapon/UnarmedWeapon.asset
  artifactKey: Guid(656e94b6b2e8fab48858401ac4c1aea0) Importer(815301076,1909f56bfc062723c751e8b465ee728b)
Start importing Assets/Scripts/Weapons/UnArmedWeapon/UnarmedWeapon.asset using Guid(656e94b6b2e8fab48858401ac4c1aea0) Importer(815301076,1909f56bfc062723c751e8b465ee728b)  -> (artifact id: 'bc6cec41c4982fae1e950b13a7405e25') in 0.003593 seconds
  Import took 0.006736 seconds .

========================================================================
Received Import Request.
  Time since last request: 32.198699 seconds.
  path: Assets/Scripts/Weapons/Sword
  artifactKey: Guid(926cb1cf898774249a5a9928d6fa54f3) Importer(815301076,1909f56bfc062723c751e8b465ee728b)
Start importing Assets/Scripts/Weapons/Sword using Guid(926cb1cf898774249a5a9928d6fa54f3) Importer(815301076,1909f56bfc062723c751e8b465ee728b)  -> (artifact id: '373082bc822cc8da83cb1ea16aa1445e') in 0.007218 seconds
  Import took 0.009697 seconds .

========================================================================
Received Import Request.
  Time since last request: 0.103934 seconds.
  path: Assets/Scripts/Weapons/Sword/SwordData.asset
  artifactKey: Guid(b1a8bcdc92422bc4799acdf329504d81) Importer(815301076,1909f56bfc062723c751e8b465ee728b)
Start importing Assets/Scripts/Weapons/Sword/SwordData.asset using Guid(b1a8bcdc92422bc4799acdf329504d81) Importer(815301076,1909f56bfc062723c751e8b465ee728b)  -> (artifact id: 'f5e3ec42cfee205daf2dc3c99a9b2ab2') in 0.002232 seconds
  Import took 0.004276 seconds .

========================================================================
Received Import Request.
  Time since last request: 4.560757 seconds.
  path: Assets/Prefabs
  artifactKey: Guid(ca68ab63c383a0f44b9a0ecb5584ec46) Importer(815301076,1909f56bfc062723c751e8b465ee728b)
Start importing Assets/Prefabs using Guid(ca68ab63c383a0f44b9a0ecb5584ec46) Importer(815301076,1909f56bfc062723c751e8b465ee728b)  -> (artifact id: 'f6f3701c2a45281b286edf1ce8c688fc') in 0.006463 seconds
  Import took 0.008342 seconds .

========================================================================
Received Import Request.
  Time since last request: 0.046474 seconds.
  path: Assets/Prefabs/Enemy.prefab
  artifactKey: Guid(1946b11ec2b9b4f45aef3b5618227ac3) Importer(815301076,1909f56bfc062723c751e8b465ee728b)
Start importing Assets/Prefabs/Enemy.prefab using Guid(1946b11ec2b9b4f45aef3b5618227ac3) Importer(815301076,1909f56bfc062723c751e8b465ee728b)  -> (artifact id: '28db5822f1a1a16074107438d2e38633') in 0.148135 seconds
  Import took 0.150351 seconds .

========================================================================
Received Import Request.
  Time since last request: 0.000245 seconds.
  path: Assets/Prefabs/Weapon.prefab
  artifactKey: Guid(3d2703eb0f771244eb536d681bafd7a1) Importer(815301076,1909f56bfc062723c751e8b465ee728b)
Start importing Assets/Prefabs/Weapon.prefab using Guid(3d2703eb0f771244eb536d681bafd7a1) Importer(815301076,1909f56bfc062723c751e8b465ee728b)  -> (artifact id: 'c9c12b322402761b67fe15cb0ae5017b') in 0.020250 seconds
  Import took 0.022355 seconds .

========================================================================
Received Import Request.
  Time since last request: 0.000219 seconds.
  path: Assets/Prefabs/Player.prefab
  artifactKey: Guid(339ae5c970b61a9478f124e4a3229cc5) Importer(815301076,1909f56bfc062723c751e8b465ee728b)
Start importing Assets/Prefabs/Player.prefab using Guid(339ae5c970b61a9478f124e4a3229cc5) Importer(815301076,1909f56bfc062723c751e8b465ee728b)  -> (artifact id: '3802c006d5ab3ca750a54e86ca10619f') in 0.019900 seconds
  Import took 0.022550 seconds .

========================================================================
Received Import Request.
  Time since last request: 5.386722 seconds.
  path: Assets/Prefabs/Weapon 1.prefab
  artifactKey: Guid(9ca7a724d65628647aa12ed30110b082) Importer(815301076,1909f56bfc062723c751e8b465ee728b)
Start importing Assets/Prefabs/Weapon 1.prefab using Guid(9ca7a724d65628647aa12ed30110b082) Importer(815301076,1909f56bfc062723c751e8b465ee728b)  -> (artifact id: 'cc5630e15bc8f0e9d8d3042f5ae7e4be') in 0.014657 seconds
  Import took 0.018117 seconds .

========================================================================
Received Import Request.
  Time since last request: 0.002548 seconds.
  path: Assets/Prefabs/Weapon 1.prefab
  artifactKey: Guid(9ca7a724d65628647aa12ed30110b082) Importer(815301076,1909f56bfc062723c751e8b465ee728b)
Start importing Assets/Prefabs/Weapon 1.prefab using Guid(9ca7a724d65628647aa12ed30110b082) Importer(815301076,1909f56bfc062723c751e8b465ee728b)  -> (artifact id: 'cc5630e15bc8f0e9d8d3042f5ae7e4be') in 0.009326 seconds
  Import took 0.013858 seconds .

========================================================================
Received Import Request.
  Time since last request: 4.342515 seconds.
  path: Assets/Prefabs/Weapon 1.prefab
  artifactKey: Guid(9ca7a724d65628647aa12ed30110b082) Importer(815301076,1909f56bfc062723c751e8b465ee728b)
Start importing Assets/Prefabs/Weapon 1.prefab using Guid(9ca7a724d65628647aa12ed30110b082) Importer(815301076,1909f56bfc062723c751e8b465ee728b)  -> (artifact id: '3c1b0dd3e58f47a729eab66d622edb0f') in 0.011433 seconds
  Import took 0.014089 seconds .

========================================================================
Received Import Request.
  Time since last request: 0.004884 seconds.
  path: Assets/Prefabs/Weapon 1.prefab
  artifactKey: Guid(9ca7a724d65628647aa12ed30110b082) Importer(815301076,1909f56bfc062723c751e8b465ee728b)
Start importing Assets/Prefabs/Weapon 1.prefab using Guid(9ca7a724d65628647aa12ed30110b082) Importer(815301076,1909f56bfc062723c751e8b465ee728b)  -> (artifact id: '3c1b0dd3e58f47a729eab66d622edb0f') in 0.007447 seconds
  Import took 0.011404 seconds .

========================================================================
Received Import Request.
  Time since last request: 3.337932 seconds.
  path: Assets/Prefabs/Weapon 1.prefab
  artifactKey: Guid(9ca7a724d65628647aa12ed30110b082) Importer(815301076,1909f56bfc062723c751e8b465ee728b)
Start importing Assets/Prefabs/Weapon 1.prefab using Guid(9ca7a724d65628647aa12ed30110b082) Importer(815301076,1909f56bfc062723c751e8b465ee728b)  -> (artifact id: '9eba420c360aa116faa41a8eb4ad0ee0') in 0.014907 seconds
  Import took 0.018605 seconds .

========================================================================
Received Import Request.
  Time since last request: 0.000830 seconds.
  path: Assets/Prefabs/Weapon 1.prefab
  artifactKey: Guid(9ca7a724d65628647aa12ed30110b082) Importer(815301076,1909f56bfc062723c751e8b465ee728b)
Start importing Assets/Prefabs/Weapon 1.prefab using Guid(9ca7a724d65628647aa12ed30110b082) Importer(815301076,1909f56bfc062723c751e8b465ee728b)  -> (artifact id: '9eba420c360aa116faa41a8eb4ad0ee0') in 0.009841 seconds
  Import took 0.012406 seconds .

========================================================================
Received Import Request.
  Time since last request: 2.642686 seconds.
  path: Assets/Prefabs/Weapon 1.prefab
  artifactKey: Guid(9ca7a724d65628647aa12ed30110b082) Importer(815301076,1909f56bfc062723c751e8b465ee728b)
Start importing Assets/Prefabs/Weapon 1.prefab using Guid(9ca7a724d65628647aa12ed30110b082) Importer(815301076,1909f56bfc062723c751e8b465ee728b)  -> (artifact id: '39b0ade8508fdfeccc2abd041664515e') in 0.008639 seconds
  Import took 0.011510 seconds .

========================================================================
Received Import Request.
  Time since last request: 10.313350 seconds.
  path: Assets/Prefabs/Unarmed.prefab
  artifactKey: Guid(9ca7a724d65628647aa12ed30110b082) Importer(815301076,1909f56bfc062723c751e8b465ee728b)
Start importing Assets/Prefabs/Unarmed.prefab using Guid(9ca7a724d65628647aa12ed30110b082) Importer(815301076,1909f56bfc062723c751e8b465ee728b)  -> (artifact id: 'ce2eaa656ed7f8d3d49ffe22f931955c') in 0.011305 seconds
  Import took 0.013657 seconds .

========================================================================
Received Import Request.
  Time since last request: 3.132552 seconds.
  path: Assets/Prefabs/Sword.prefab
  artifactKey: Guid(3d2703eb0f771244eb536d681bafd7a1) Importer(815301076,1909f56bfc062723c751e8b465ee728b)
Start importing Assets/Prefabs/Sword.prefab using Guid(3d2703eb0f771244eb536d681bafd7a1) Importer(815301076,1909f56bfc062723c751e8b465ee728b)  -> (artifact id: '497ab2ed149e4722660f7f04316aa54d') in 0.009171 seconds
  Import took 0.012047 seconds .

========================================================================
Received Import Request.
  Time since last request: 36.299011 seconds.
  path: Assets/Scripts/Player/PlayerData.asset
  artifactKey: Guid(195157d8c89b9174fae9100dbb040022) Importer(815301076,1909f56bfc062723c751e8b465ee728b)
Start importing Assets/Scripts/Player/PlayerData.asset using Guid(195157d8c89b9174fae9100dbb040022) Importer(815301076,1909f56bfc062723c751e8b465ee728b)  -> (artifact id: '907fad92190afec2a2ca5433288ee275') in 0.007256 seconds
  Import took 0.009591 seconds .

========================================================================
Received Import Request.
  Time since last request: 0.001983 seconds.
  path: Assets/Scripts/Player/PlayerData.asset
  artifactKey: Guid(195157d8c89b9174fae9100dbb040022) Importer(815301076,1909f56bfc062723c751e8b465ee728b)
Start importing Assets/Scripts/Player/PlayerData.asset using Guid(195157d8c89b9174fae9100dbb040022) Importer(815301076,1909f56bfc062723c751e8b465ee728b)  -> (artifact id: '907fad92190afec2a2ca5433288ee275') in 0.003762 seconds
  Import took 0.006878 seconds .

========================================================================
Received Prepare
Registering precompiled user dll's ...
Registered in 0.004437 seconds.
Begin MonoManager ReloadAssembly
Native extension for WindowsStandalone target not found
Refreshing native plugins compatible for Editor in 0.24 ms, found 2 plugins.
Preloading 0 native plugins for Editor in 0.00 ms.
Mono: successfully reloaded assembly
- Completed reload, in  0.919 seconds
Platform modules already initialized, skipping
Refreshing native plugins compatible for Editor in 0.26 ms, found 2 plugins.
Preloading 0 native plugins for Editor in 0.00 ms.
Unloading 1410 Unused Serialized files (Serialized files now loaded: 0)
System memory in use before: 68.4 MB.
System memory in use after: 68.5 MB.

Unloading 14 unused Assets to reduce memory usage. Loaded Objects now: 1863.
Total: 1.540100 ms (FindLiveObjects: 0.117400 ms CreateObjectMapping: 0.037500 ms MarkObjects: 1.368700 ms  DeleteObjects: 0.015700 ms)

========================================================================
Received Prepare
Registering precompiled user dll's ...
Registered in 0.003580 seconds.
Begin MonoManager ReloadAssembly
Native extension for WindowsStandalone target not found
Refreshing native plugins compatible for Editor in 0.27 ms, found 2 plugins.
Preloading 0 native plugins for Editor in 0.00 ms.
Mono: successfully reloaded assembly
- Completed reload, in  0.951 seconds
Platform modules already initialized, skipping
Refreshing native plugins compatible for Editor in 0.24 ms, found 2 plugins.
Preloading 0 native plugins for Editor in 0.00 ms.
Unloading 1410 Unused Serialized files (Serialized files now loaded: 0)
System memory in use before: 68.5 MB.
System memory in use after: 68.6 MB.

Unloading 13 unused Assets to reduce memory usage. Loaded Objects now: 1866.
Total: 1.568300 ms (FindLiveObjects: 0.109900 ms CreateObjectMapping: 0.033300 ms MarkObjects: 1.411500 ms  DeleteObjects: 0.012800 ms)

========================================================================
Received Import Request.
  Time since last request: 156.270221 seconds.
  path: Assets/Prefabs/Unarmed.prefab
  artifactKey: Guid(9ca7a724d65628647aa12ed30110b082) Importer(815301076,1909f56bfc062723c751e8b465ee728b)
Start importing Assets/Prefabs/Unarmed.prefab using Guid(9ca7a724d65628647aa12ed30110b082) Importer(815301076,1909f56bfc062723c751e8b465ee728b)  -> (artifact id: '03dfc387e17599e8ac7e1ef1ce374686') in 0.047327 seconds
  Import took 0.049482 seconds .

========================================================================
Received Import Request.
  Time since last request: 27.032380 seconds.
  path: Assets/Prefabs/Unarmed.prefab
  artifactKey: Guid(9ca7a724d65628647aa12ed30110b082) Importer(815301076,1909f56bfc062723c751e8b465ee728b)
Start importing Assets/Prefabs/Unarmed.prefab using Guid(9ca7a724d65628647aa12ed30110b082) Importer(815301076,1909f56bfc062723c751e8b465ee728b)  -> (artifact id: '49505497283f68efcb89aca54048a1e1') in 0.015851 seconds
  Import took 0.018441 seconds .

========================================================================
Received Import Request.
  Time since last request: 11.395810 seconds.
  path: Assets/Prefabs/Sword 1.prefab
  artifactKey: Guid(4cf3c9e96928d3d49bf24634a49490af) Importer(815301076,1909f56bfc062723c751e8b465ee728b)
Start importing Assets/Prefabs/Sword 1.prefab using Guid(4cf3c9e96928d3d49bf24634a49490af) Importer(815301076,1909f56bfc062723c751e8b465ee728b)  -> (artifact id: 'b70c7c5560555327a04534af9b222eee') in 0.027077 seconds
  Import took 0.029736 seconds .

========================================================================
Received Import Request.
  Time since last request: 6.155993 seconds.
  path: Assets/Prefabs/Bow.prefab
  artifactKey: Guid(4cf3c9e96928d3d49bf24634a49490af) Importer(815301076,1909f56bfc062723c751e8b465ee728b)
Start importing Assets/Prefabs/Bow.prefab using Guid(4cf3c9e96928d3d49bf24634a49490af) Importer(815301076,1909f56bfc062723c751e8b465ee728b)  -> (artifact id: '4cf955c6f71af09d9e6d188f9e841e7c') in 0.021170 seconds
  Import took 0.023397 seconds .

========================================================================
Received Import Request.
  Time since last request: 5.755777 seconds.
  path: Assets/Prefabs/Bow.prefab
  artifactKey: Guid(4cf3c9e96928d3d49bf24634a49490af) Importer(815301076,1909f56bfc062723c751e8b465ee728b)
Start importing Assets/Prefabs/Bow.prefab using Guid(4cf3c9e96928d3d49bf24634a49490af) Importer(815301076,1909f56bfc062723c751e8b465ee728b)  -> (artifact id: '5032527f56c2c2e33608829903bf41f2') in 0.021130 seconds
  Import took 0.024768 seconds .

========================================================================
Received Import Request.
  Time since last request: 2.804955 seconds.
  path: Assets/Prefabs/Bow.prefab
  artifactKey: Guid(4cf3c9e96928d3d49bf24634a49490af) Importer(815301076,1909f56bfc062723c751e8b465ee728b)
Start importing Assets/Prefabs/Bow.prefab using Guid(4cf3c9e96928d3d49bf24634a49490af) Importer(815301076,1909f56bfc062723c751e8b465ee728b)  -> (artifact id: 'cb855b73d699f6d6c76c13954fbb0d62') in 0.012273 seconds
  Import took 0.015529 seconds .

========================================================================
Received Import Request.
  Time since last request: 1.790740 seconds.
  path: Assets/Prefabs/Bow.prefab
  artifactKey: Guid(4cf3c9e96928d3d49bf24634a49490af) Importer(815301076,1909f56bfc062723c751e8b465ee728b)
Start importing Assets/Prefabs/Bow.prefab using Guid(4cf3c9e96928d3d49bf24634a49490af) Importer(815301076,1909f56bfc062723c751e8b465ee728b)  -> (artifact id: 'd7b915adadf4102217cd47f619d71fd3') in 0.011608 seconds
  Import took 0.013937 seconds .

========================================================================
Received Import Request.
  Time since last request: 6.721775 seconds.
  path: Assets/Prefabs/Bow.prefab
  artifactKey: Guid(4cf3c9e96928d3d49bf24634a49490af) Importer(815301076,1909f56bfc062723c751e8b465ee728b)
Start importing Assets/Prefabs/Bow.prefab using Guid(4cf3c9e96928d3d49bf24634a49490af) Importer(815301076,1909f56bfc062723c751e8b465ee728b)  -> (artifact id: '57298c7f1196df2c1142e098b39acea8') in 0.011234 seconds
  Import took 0.014056 seconds .

========================================================================
Received Import Request.
  Time since last request: 6.826346 seconds.
  path: Assets/Prefabs/Bow.prefab
  artifactKey: Guid(4cf3c9e96928d3d49bf24634a49490af) Importer(815301076,1909f56bfc062723c751e8b465ee728b)
Start importing Assets/Prefabs/Bow.prefab using Guid(4cf3c9e96928d3d49bf24634a49490af) Importer(815301076,1909f56bfc062723c751e8b465ee728b)  -> (artifact id: 'dd5582531495745f6fa1e811ea370407') in 0.009713 seconds
  Import took 0.012269 seconds .

========================================================================
Received Import Request.
  Time since last request: 3.925254 seconds.
  path: Assets/Prefabs/Bow.prefab
  artifactKey: Guid(4cf3c9e96928d3d49bf24634a49490af) Importer(815301076,1909f56bfc062723c751e8b465ee728b)
Start importing Assets/Prefabs/Bow.prefab using Guid(4cf3c9e96928d3d49bf24634a49490af) Importer(815301076,1909f56bfc062723c751e8b465ee728b)  -> (artifact id: '49a68c9f8ab082fec432324fbd26011f') in 0.030925 seconds
  Import took 0.033535 seconds .

========================================================================
Received Import Request.
  Time since last request: 2.683850 seconds.
  path: Assets/Scripts
  artifactKey: Guid(6ae8cc3a677feb8469bd2e89f1681d37) Importer(815301076,1909f56bfc062723c751e8b465ee728b)
Start importing Assets/Scripts using Guid(6ae8cc3a677feb8469bd2e89f1681d37) Importer(815301076,1909f56bfc062723c751e8b465ee728b)  -> (artifact id: '60d39238d922dab383c1dc648f426ef9') in 0.007321 seconds
  Import took 0.009615 seconds .

========================================================================
Received Import Request.
  Time since last request: 4.991408 seconds.
  path: Assets/Scripts/Weapons
  artifactKey: Guid(491ee7d0d10efc04e881d19371be8aa7) Importer(815301076,1909f56bfc062723c751e8b465ee728b)
Start importing Assets/Scripts/Weapons using Guid(491ee7d0d10efc04e881d19371be8aa7) Importer(815301076,1909f56bfc062723c751e8b465ee728b)  -> (artifact id: '85574058bb33aa8fe6146333e2c7d9f5') in 0.007143 seconds
  Import took 0.009088 seconds .

========================================================================
Received Import Request.
  Time since last request: 9.665183 seconds.
  path: Assets/Scripts/Weapons/Bow
  artifactKey: Guid(7925ea622e817ee48bdaf29751f79826) Importer(815301076,1909f56bfc062723c751e8b465ee728b)
Start importing Assets/Scripts/Weapons/Bow using Guid(7925ea622e817ee48bdaf29751f79826) Importer(815301076,1909f56bfc062723c751e8b465ee728b)  -> (artifact id: 'ed8978859bafa2a1a4cac7683f35a14a') in 0.006192 seconds
  Import took 0.014009 seconds .

========================================================================
Received Import Request.
  Time since last request: 13.897122 seconds.
  path: Assets/Scripts/Weapons/Sword/Sword.cs
  artifactKey: Guid(7038737e2324c9743a77eaa169b7c440) Importer(815301076,1909f56bfc062723c751e8b465ee728b)
Start importing Assets/Scripts/Weapons/Sword/Sword.cs using Guid(7038737e2324c9743a77eaa169b7c440) Importer(815301076,1909f56bfc062723c751e8b465ee728b)  -> (artifact id: 'c78a7a0f6d9c3bfcc05a1689caeec62f') in 0.007811 seconds
  Import took 0.014427 seconds .

========================================================================
Received Import Request.
  Time since last request: 14.103213 seconds.
  path: Assets/Scripts/Weapons/Bow/Bow.cs
  artifactKey: Guid(80579957e2a25d04e84f197ecc3506df) Importer(815301076,1909f56bfc062723c751e8b465ee728b)
Start importing Assets/Scripts/Weapons/Bow/Bow.cs using Guid(80579957e2a25d04e84f197ecc3506df) Importer(815301076,1909f56bfc062723c751e8b465ee728b)  -> (artifact id: '1dd8a89c9d3477d566a7ecc4403a54b6') in 0.007578 seconds
  Import took 0.012876 seconds .

========================================================================
Received Import Request.
  Time since last request: 0.000414 seconds.
  path: Assets/Scripts/Weapons/Bow/Bow.cs
  artifactKey: Guid(80579957e2a25d04e84f197ecc3506df) Importer(815301076,1909f56bfc062723c751e8b465ee728b)
Start importing Assets/Scripts/Weapons/Bow/Bow.cs using Guid(80579957e2a25d04e84f197ecc3506df) Importer(815301076,1909f56bfc062723c751e8b465ee728b)  -> (artifact id: '1dd8a89c9d3477d566a7ecc4403a54b6') in 0.011337 seconds
  Import took 0.014764 seconds .

========================================================================
Received Prepare
Registering precompiled user dll's ...
Registered in 0.003417 seconds.
Begin MonoManager ReloadAssembly
Native extension for WindowsStandalone target not found
Refreshing native plugins compatible for Editor in 0.27 ms, found 2 plugins.
Preloading 0 native plugins for Editor in 0.00 ms.
Mono: successfully reloaded assembly
- Completed reload, in  0.884 seconds
Platform modules already initialized, skipping
Refreshing native plugins compatible for Editor in 0.35 ms, found 2 plugins.
Preloading 0 native plugins for Editor in 0.00 ms.
Unloading 1411 Unused Serialized files (Serialized files now loaded: 0)
System memory in use before: 68.5 MB.
System memory in use after: 68.6 MB.

Unloading 14 unused Assets to reduce memory usage. Loaded Objects now: 1871.
Total: 1.530300 ms (FindLiveObjects: 0.124500 ms CreateObjectMapping: 0.040700 ms MarkObjects: 1.345500 ms  DeleteObjects: 0.018800 ms)

========================================================================
Received Prepare
Registering precompiled user dll's ...
Registered in 0.003470 seconds.
Begin MonoManager ReloadAssembly
Native extension for WindowsStandalone target not found
Refreshing native plugins compatible for Editor in 0.26 ms, found 2 plugins.
Preloading 0 native plugins for Editor in 0.00 ms.
Mono: successfully reloaded assembly
- Completed reload, in  0.873 seconds
Platform modules already initialized, skipping
Refreshing native plugins compatible for Editor in 0.26 ms, found 2 plugins.
Preloading 0 native plugins for Editor in 0.00 ms.
Unloading 1411 Unused Serialized files (Serialized files now loaded: 0)
System memory in use before: 68.6 MB.
System memory in use after: 68.7 MB.

Unloading 13 unused Assets to reduce memory usage. Loaded Objects now: 1874.
Total: 1.956400 ms (FindLiveObjects: 0.242900 ms CreateObjectMapping: 0.043500 ms MarkObjects: 1.654300 ms  DeleteObjects: 0.014500 ms)

========================================================================
Received Import Request.
  Time since last request: 46.306809 seconds.
  path: Assets/Scripts/Weapons/Bow/Bow.cs
  artifactKey: Guid(80579957e2a25d04e84f197ecc3506df) Importer(815301076,1909f56bfc062723c751e8b465ee728b)
Start importing Assets/Scripts/Weapons/Bow/Bow.cs using Guid(80579957e2a25d04e84f197ecc3506df) Importer(815301076,1909f56bfc062723c751e8b465ee728b)  -> (artifact id: 'ddf4951f91c8d5649bd2a9b74d843c54') in 0.004276 seconds
  Import took 0.006314 seconds .

========================================================================
Received Import Request.
  Time since last request: 8.867853 seconds.
  path: Assets/Scripts/Weapons/Bow/BowData.asset
  artifactKey: Guid(875621350cc69dc4bb6ad9e95c9e246e) Importer(815301076,1909f56bfc062723c751e8b465ee728b)
Start importing Assets/Scripts/Weapons/Bow/BowData.asset using Guid(875621350cc69dc4bb6ad9e95c9e246e) Importer(815301076,1909f56bfc062723c751e8b465ee728b)  -> (artifact id: 'cf0feb981bee70fea4377e880f94a6b2') in 0.015948 seconds
  Import took 0.018060 seconds .

========================================================================
Received Import Request.
  Time since last request: 34.071925 seconds.
  path: Assets/Prefabs/Player
  artifactKey: Guid(ff61609ef8a53574eae6ba7c34abed3c) Importer(815301076,1909f56bfc062723c751e8b465ee728b)
Start importing Assets/Prefabs/Player using Guid(ff61609ef8a53574eae6ba7c34abed3c) Importer(815301076,1909f56bfc062723c751e8b465ee728b)  -> (artifact id: '7dbb190bc8eac2218fad738d0f7d6114') in 0.004825 seconds
  Import took 0.006931 seconds .

========================================================================
Received Import Request.
  Time since last request: 4.387602 seconds.
  path: Assets/Prefabs/PlayerPrefab
  artifactKey: Guid(ff61609ef8a53574eae6ba7c34abed3c) Importer(815301076,1909f56bfc062723c751e8b465ee728b)
Start importing Assets/Prefabs/PlayerPrefab using Guid(ff61609ef8a53574eae6ba7c34abed3c) Importer(815301076,1909f56bfc062723c751e8b465ee728b)  -> (artifact id: '92d070089765e76f43c6af444eb762d7') in 0.007256 seconds
  Import took 0.009696 seconds .

========================================================================
Received Import Request.
  Time since last request: 9.664206 seconds.
  path: Assets/Prefabs/WeaponPrefabs
  artifactKey: Guid(6555d5030be41a243a6a0cfde6ed7c8d) Importer(815301076,1909f56bfc062723c751e8b465ee728b)
Start importing Assets/Prefabs/WeaponPrefabs using Guid(6555d5030be41a243a6a0cfde6ed7c8d) Importer(815301076,1909f56bfc062723c751e8b465ee728b)  -> (artifact id: '00dcc978f50c7319d7609ed3932244a7') in 0.015007 seconds
  Import took 0.019968 seconds .

========================================================================
Received Import Request.
  Time since last request: 7.909524 seconds.
  path: Assets/Prefabs/EnemyPrefabs
  artifactKey: Guid(fd790ea370d756042b4ef9ea77c92989) Importer(815301076,1909f56bfc062723c751e8b465ee728b)
Start importing Assets/Prefabs/EnemyPrefabs using Guid(fd790ea370d756042b4ef9ea77c92989) Importer(815301076,1909f56bfc062723c751e8b465ee728b)  -> (artifact id: '0b1f620b40249812d1694534420eee3c') in 0.012145 seconds
  Import took 0.014263 seconds .

========================================================================
Received Import Request.
  Time since last request: 78.130685 seconds.
  path: Assets/Prefabs/WeaponPrefabs/Sword.prefab
  artifactKey: Guid(3d2703eb0f771244eb536d681bafd7a1) Importer(815301076,1909f56bfc062723c751e8b465ee728b)
Start importing Assets/Prefabs/WeaponPrefabs/Sword.prefab using Guid(3d2703eb0f771244eb536d681bafd7a1) Importer(815301076,1909f56bfc062723c751e8b465ee728b)  -> (artifact id: '3bcf05a88ab959d1c63ee08d87395057') in 0.050989 seconds
  Import took 0.053490 seconds .

========================================================================
Received Import Request.
  Time since last request: 0.332000 seconds.
  path: Assets/Prefabs/WeaponPrefabs/Sword.prefab
  artifactKey: Guid(3d2703eb0f771244eb536d681bafd7a1) Importer(815301076,1909f56bfc062723c751e8b465ee728b)
Start importing Assets/Prefabs/WeaponPrefabs/Sword.prefab using Guid(3d2703eb0f771244eb536d681bafd7a1) Importer(815301076,1909f56bfc062723c751e8b465ee728b)  -> (artifact id: '4f47ae54194514d4abee83257b5f0f01') in 0.009749 seconds
  Import took 0.013614 seconds .

========================================================================
Received Import Request.
  Time since last request: 5.038082 seconds.
  path: Assets/Prefabs/WeaponPrefabs/Sword.prefab
  artifactKey: Guid(3d2703eb0f771244eb536d681bafd7a1) Importer(815301076,1909f56bfc062723c751e8b465ee728b)
Start importing Assets/Prefabs/WeaponPrefabs/Sword.prefab using Guid(3d2703eb0f771244eb536d681bafd7a1) Importer(815301076,1909f56bfc062723c751e8b465ee728b)  -> (artifact id: 'afeddb4eb5271dccafc516c7a293f63b') in 0.014940 seconds
  Import took 0.017235 seconds .

========================================================================
Received Import Request.
  Time since last request: 5.238080 seconds.
  path: Assets/Prefabs/WeaponPrefabs/Sword.prefab
  artifactKey: Guid(3d2703eb0f771244eb536d681bafd7a1) Importer(815301076,1909f56bfc062723c751e8b465ee728b)
Start importing Assets/Prefabs/WeaponPrefabs/Sword.prefab using Guid(3d2703eb0f771244eb536d681bafd7a1) Importer(815301076,1909f56bfc062723c751e8b465ee728b)  -> (artifact id: '87f8029e3b1d95249068179d9dfa4503') in 0.014026 seconds
  Import took 0.016291 seconds .

========================================================================
Received Prepare
Registering precompiled user dll's ...
Registered in 0.003390 seconds.
Begin MonoManager ReloadAssembly
Native extension for WindowsStandalone target not found
Refreshing native plugins compatible for Editor in 0.26 ms, found 2 plugins.
Preloading 0 native plugins for Editor in 0.00 ms.
Mono: successfully reloaded assembly
- Completed reload, in  0.874 seconds
Platform modules already initialized, skipping
Refreshing native plugins compatible for Editor in 0.25 ms, found 2 plugins.
Preloading 0 native plugins for Editor in 0.00 ms.
Unloading 1411 Unused Serialized files (Serialized files now loaded: 0)
System memory in use before: 68.6 MB.
System memory in use after: 68.7 MB.

Unloading 14 unused Assets to reduce memory usage. Loaded Objects now: 1878.
Total: 1.830700 ms (FindLiveObjects: 0.113700 ms CreateObjectMapping: 0.035700 ms MarkObjects: 1.647500 ms  DeleteObjects: 0.032800 ms)

========================================================================
Received Import Request.
  Time since last request: 267.302977 seconds.
  path: Assets/Scripts/Weapons/Bow/BowData.asset
  artifactKey: Guid(875621350cc69dc4bb6ad9e95c9e246e) Importer(815301076,1909f56bfc062723c751e8b465ee728b)
Start importing Assets/Scripts/Weapons/Bow/BowData.asset using Guid(875621350cc69dc4bb6ad9e95c9e246e) Importer(815301076,1909f56bfc062723c751e8b465ee728b)  -> (artifact id: '463196508c0db48cd39afa8542702f0b') in 0.132178 seconds
  Import took 0.144039 seconds .

========================================================================
Received Prepare
Registering precompiled user dll's ...
Registered in 0.076283 seconds.
Begin MonoManager ReloadAssembly
Native extension for WindowsStandalone target not found
Refreshing native plugins compatible for Editor in 0.26 ms, found 2 plugins.
Preloading 0 native plugins for Editor in 0.00 ms.
Mono: successfully reloaded assembly
- Completed reload, in  0.892 seconds
Platform modules already initialized, skipping
Refreshing native plugins compatible for Editor in 0.25 ms, found 2 plugins.
Preloading 0 native plugins for Editor in 0.00 ms.
Unloading 1411 Unused Serialized files (Serialized files now loaded: 0)
System memory in use before: 68.6 MB.
System memory in use after: 68.7 MB.

Unloading 13 unused Assets to reduce memory usage. Loaded Objects now: 1881.
Total: 2.256500 ms (FindLiveObjects: 0.108700 ms CreateObjectMapping: 0.035300 ms MarkObjects: 2.095300 ms  DeleteObjects: 0.016200 ms)

========================================================================
Received Prepare
Registering precompiled user dll's ...
Registered in 0.003294 seconds.
Begin MonoManager ReloadAssembly
Native extension for WindowsStandalone target not found
Refreshing native plugins compatible for Editor in 0.25 ms, found 2 plugins.
Preloading 0 native plugins for Editor in 0.00 ms.
Mono: successfully reloaded assembly
- Completed reload, in  0.799 seconds
Platform modules already initialized, skipping
Refreshing native plugins compatible for Editor in 0.25 ms, found 2 plugins.
Preloading 0 native plugins for Editor in 0.00 ms.
Unloading 1411 Unused Serialized files (Serialized files now loaded: 0)
System memory in use before: 68.6 MB.
System memory in use after: 68.7 MB.

Unloading 13 unused Assets to reduce memory usage. Loaded Objects now: 1884.
Total: 1.522200 ms (FindLiveObjects: 0.112600 ms CreateObjectMapping: 0.036500 ms MarkObjects: 1.359700 ms  DeleteObjects: 0.012800 ms)

========================================================================
Received Prepare
Registering precompiled user dll's ...
Registered in 0.003951 seconds.
Begin MonoManager ReloadAssembly
Native extension for WindowsStandalone target not found
Refreshing native plugins compatible for Editor in 0.25 ms, found 2 plugins.
Preloading 0 native plugins for Editor in 0.00 ms.
Mono: successfully reloaded assembly
- Completed reload, in  0.819 seconds
Platform modules already initialized, skipping
Refreshing native plugins compatible for Editor in 0.24 ms, found 2 plugins.
Preloading 0 native plugins for Editor in 0.00 ms.
Unloading 1411 Unused Serialized files (Serialized files now loaded: 0)
System memory in use before: 68.6 MB.
System memory in use after: 68.7 MB.

Unloading 13 unused Assets to reduce memory usage. Loaded Objects now: 1887.
Total: 1.513900 ms (FindLiveObjects: 0.112100 ms CreateObjectMapping: 0.035000 ms MarkObjects: 1.353500 ms  DeleteObjects: 0.012700 ms)

========================================================================
Received Prepare
Registering precompiled user dll's ...
Registered in 0.003194 seconds.
Begin MonoManager ReloadAssembly
Native extension for WindowsStandalone target not found
Refreshing native plugins compatible for Editor in 0.25 ms, found 2 plugins.
Preloading 0 native plugins for Editor in 0.00 ms.
Mono: successfully reloaded assembly
- Completed reload, in  0.842 seconds
Platform modules already initialized, skipping
Refreshing native plugins compatible for Editor in 0.30 ms, found 2 plugins.
Preloading 0 native plugins for Editor in 0.00 ms.
Unloading 1411 Unused Serialized files (Serialized files now loaded: 0)
System memory in use before: 68.6 MB.
System memory in use after: 68.7 MB.

Unloading 13 unused Assets to reduce memory usage. Loaded Objects now: 1890.
Total: 1.503800 ms (FindLiveObjects: 0.110100 ms CreateObjectMapping: 0.034600 ms MarkObjects: 1.345900 ms  DeleteObjects: 0.012400 ms)

========================================================================
Received Prepare
Registering precompiled user dll's ...
Registered in 0.003689 seconds.
Begin MonoManager ReloadAssembly
Native extension for WindowsStandalone target not found
Refreshing native plugins compatible for Editor in 0.25 ms, found 2 plugins.
Preloading 0 native plugins for Editor in 0.00 ms.
Mono: successfully reloaded assembly
- Completed reload, in  0.872 seconds
Platform modules already initialized, skipping
Refreshing native plugins compatible for Editor in 0.25 ms, found 2 plugins.
Preloading 0 native plugins for Editor in 0.00 ms.
Unloading 1411 Unused Serialized files (Serialized files now loaded: 0)
System memory in use before: 68.6 MB.
System memory in use after: 68.7 MB.

Unloading 13 unused Assets to reduce memory usage. Loaded Objects now: 1893.
Total: 1.873000 ms (FindLiveObjects: 0.142000 ms CreateObjectMapping: 0.040500 ms MarkObjects: 1.674700 ms  DeleteObjects: 0.014800 ms)

========================================================================
Received Prepare
Registering precompiled user dll's ...
Registered in 0.003353 seconds.
Begin MonoManager ReloadAssembly
Native extension for WindowsStandalone target not found
Refreshing native plugins compatible for Editor in 0.29 ms, found 2 plugins.
Preloading 0 native plugins for Editor in 0.00 ms.
Mono: successfully reloaded assembly
- Completed reload, in  0.898 seconds
Platform modules already initialized, skipping
Refreshing native plugins compatible for Editor in 0.24 ms, found 2 plugins.
Preloading 0 native plugins for Editor in 0.00 ms.
Unloading 1411 Unused Serialized files (Serialized files now loaded: 0)
System memory in use before: 68.6 MB.
System memory in use after: 68.7 MB.

Unloading 13 unused Assets to reduce memory usage. Loaded Objects now: 1896.
Total: 1.684100 ms (FindLiveObjects: 0.114800 ms CreateObjectMapping: 0.036500 ms MarkObjects: 1.516500 ms  DeleteObjects: 0.015400 ms)

========================================================================
Received Prepare
Registering precompiled user dll's ...
Registered in 0.003250 seconds.
Begin MonoManager ReloadAssembly
Native extension for WindowsStandalone target not found
Refreshing native plugins compatible for Editor in 0.25 ms, found 2 plugins.
Preloading 0 native plugins for Editor in 0.00 ms.
Mono: successfully reloaded assembly
- Completed reload, in  0.830 seconds
Platform modules already initialized, skipping
Refreshing native plugins compatible for Editor in 0.25 ms, found 2 plugins.
Preloading 0 native plugins for Editor in 0.00 ms.
Unloading 1411 Unused Serialized files (Serialized files now loaded: 0)
System memory in use before: 68.6 MB.
System memory in use after: 68.7 MB.

Unloading 13 unused Assets to reduce memory usage. Loaded Objects now: 1899.
Total: 1.486700 ms (FindLiveObjects: 0.107400 ms CreateObjectMapping: 0.031400 ms MarkObjects: 1.335100 ms  DeleteObjects: 0.012300 ms)

========================================================================
Received Prepare
Registering precompiled user dll's ...
Registered in 0.003722 seconds.
Begin MonoManager ReloadAssembly
Native extension for WindowsStandalone target not found
Refreshing native plugins compatible for Editor in 0.25 ms, found 2 plugins.
Preloading 0 native plugins for Editor in 0.00 ms.
Mono: successfully reloaded assembly
- Completed reload, in  0.867 seconds
Platform modules already initialized, skipping
Refreshing native plugins compatible for Editor in 0.26 ms, found 2 plugins.
Preloading 0 native plugins for Editor in 0.00 ms.
Unloading 1411 Unused Serialized files (Serialized files now loaded: 0)
System memory in use before: 68.6 MB.
System memory in use after: 68.7 MB.

Unloading 13 unused Assets to reduce memory usage. Loaded Objects now: 1902.
Total: 1.852700 ms (FindLiveObjects: 0.115700 ms CreateObjectMapping: 0.035900 ms MarkObjects: 1.685300 ms  DeleteObjects: 0.014700 ms)

========================================================================
Received Prepare
Registering precompiled user dll's ...
Registered in 0.003852 seconds.
Begin MonoManager ReloadAssembly
Native extension for WindowsStandalone target not found
Refreshing native plugins compatible for Editor in 0.26 ms, found 2 plugins.
Preloading 0 native plugins for Editor in 0.00 ms.
Mono: successfully reloaded assembly
- Completed reload, in  0.948 seconds
Platform modules already initialized, skipping
Refreshing native plugins compatible for Editor in 0.28 ms, found 2 plugins.
Preloading 0 native plugins for Editor in 0.00 ms.
Unloading 1411 Unused Serialized files (Serialized files now loaded: 0)
System memory in use before: 68.6 MB.
System memory in use after: 68.7 MB.

Unloading 13 unused Assets to reduce memory usage. Loaded Objects now: 1905.
Total: 1.738100 ms (FindLiveObjects: 0.127700 ms CreateObjectMapping: 0.042300 ms MarkObjects: 1.552700 ms  DeleteObjects: 0.014500 ms)

========================================================================
Received Prepare
Registering precompiled user dll's ...
Registered in 0.004636 seconds.
Begin MonoManager ReloadAssembly
Native extension for WindowsStandalone target not found
Refreshing native plugins compatible for Editor in 0.25 ms, found 2 plugins.
Preloading 0 native plugins for Editor in 0.00 ms.
Mono: successfully reloaded assembly
- Completed reload, in  0.918 seconds
Platform modules already initialized, skipping
Refreshing native plugins compatible for Editor in 0.26 ms, found 2 plugins.
Preloading 0 native plugins for Editor in 0.00 ms.
Unloading 1411 Unused Serialized files (Serialized files now loaded: 0)
System memory in use before: 68.6 MB.
System memory in use after: 68.7 MB.

Unloading 13 unused Assets to reduce memory usage. Loaded Objects now: 1908.
Total: 1.751300 ms (FindLiveObjects: 0.167200 ms CreateObjectMapping: 0.043400 ms MarkObjects: 1.526000 ms  DeleteObjects: 0.013800 ms)

========================================================================
Received Prepare
Registering precompiled user dll's ...
Registered in 0.003551 seconds.
Begin MonoManager ReloadAssembly
Native extension for WindowsStandalone target not found
Refreshing native plugins compatible for Editor in 0.26 ms, found 2 plugins.
Preloading 0 native plugins for Editor in 0.00 ms.
Mono: successfully reloaded assembly
- Completed reload, in  0.883 seconds
Platform modules already initialized, skipping
Refreshing native plugins compatible for Editor in 0.26 ms, found 2 plugins.
Preloading 0 native plugins for Editor in 0.00 ms.
Unloading 1411 Unused Serialized files (Serialized files now loaded: 0)
System memory in use before: 68.6 MB.
System memory in use after: 68.7 MB.

Unloading 13 unused Assets to reduce memory usage. Loaded Objects now: 1911.
Total: 1.546100 ms (FindLiveObjects: 0.118100 ms CreateObjectMapping: 0.038900 ms MarkObjects: 1.363300 ms  DeleteObjects: 0.024600 ms)

========================================================================
Received Prepare
Registering precompiled user dll's ...
Registered in 0.003268 seconds.
Begin MonoManager ReloadAssembly
Native extension for WindowsStandalone target not found
Refreshing native plugins compatible for Editor in 0.26 ms, found 2 plugins.
Preloading 0 native plugins for Editor in 0.00 ms.
Mono: successfully reloaded assembly
- Completed reload, in  0.925 seconds
Platform modules already initialized, skipping
Refreshing native plugins compatible for Editor in 0.26 ms, found 2 plugins.
Preloading 0 native plugins for Editor in 0.00 ms.
Unloading 1411 Unused Serialized files (Serialized files now loaded: 0)
System memory in use before: 68.6 MB.
System memory in use after: 68.7 MB.

Unloading 13 unused Assets to reduce memory usage. Loaded Objects now: 1914.
Total: 1.952400 ms (FindLiveObjects: 0.112600 ms CreateObjectMapping: 0.036100 ms MarkObjects: 1.786200 ms  DeleteObjects: 0.016300 ms)

========================================================================
Received Prepare
Registering precompiled user dll's ...
Registered in 0.003197 seconds.
Begin MonoManager ReloadAssembly
Native extension for WindowsStandalone target not found
Refreshing native plugins compatible for Editor in 0.25 ms, found 2 plugins.
Preloading 0 native plugins for Editor in 0.00 ms.
Mono: successfully reloaded assembly
- Completed reload, in  0.791 seconds
Platform modules already initialized, skipping
Refreshing native plugins compatible for Editor in 0.24 ms, found 2 plugins.
Preloading 0 native plugins for Editor in 0.00 ms.
Unloading 1411 Unused Serialized files (Serialized files now loaded: 0)
System memory in use before: 68.6 MB.
System memory in use after: 68.7 MB.

Unloading 13 unused Assets to reduce memory usage. Loaded Objects now: 1917.
Total: 1.709900 ms (FindLiveObjects: 0.109900 ms CreateObjectMapping: 0.034900 ms MarkObjects: 1.541200 ms  DeleteObjects: 0.023200 ms)

========================================================================
Received Prepare
Registering precompiled user dll's ...
Registered in 0.005003 seconds.
Begin MonoManager ReloadAssembly
Native extension for WindowsStandalone target not found
Refreshing native plugins compatible for Editor in 0.55 ms, found 2 plugins.
Preloading 0 native plugins for Editor in 0.00 ms.
Mono: successfully reloaded assembly
- Completed reload, in  1.107 seconds
Platform modules already initialized, skipping
Refreshing native plugins compatible for Editor in 0.31 ms, found 2 plugins.
Preloading 0 native plugins for Editor in 0.00 ms.
Unloading 1411 Unused Serialized files (Serialized files now loaded: 0)
System memory in use before: 68.7 MB.
System memory in use after: 68.8 MB.

Unloading 13 unused Assets to reduce memory usage. Loaded Objects now: 1920.
Total: 2.884500 ms (FindLiveObjects: 0.149500 ms CreateObjectMapping: 0.137200 ms MarkObjects: 2.582100 ms  DeleteObjects: 0.014500 ms)

========================================================================
Received Prepare
Registering precompiled user dll's ...
Registered in 0.003559 seconds.
Begin MonoManager ReloadAssembly
Native extension for WindowsStandalone target not found
Refreshing native plugins compatible for Editor in 0.30 ms, found 2 plugins.
Preloading 0 native plugins for Editor in 0.00 ms.
Mono: successfully reloaded assembly
- Completed reload, in  0.863 seconds
Platform modules already initialized, skipping
Refreshing native plugins compatible for Editor in 0.24 ms, found 2 plugins.
Preloading 0 native plugins for Editor in 0.00 ms.
Unloading 1411 Unused Serialized files (Serialized files now loaded: 0)
System memory in use before: 68.7 MB.
System memory in use after: 68.8 MB.

Unloading 13 unused Assets to reduce memory usage. Loaded Objects now: 1923.
Total: 1.587600 ms (FindLiveObjects: 0.110700 ms CreateObjectMapping: 0.032800 ms MarkObjects: 1.418500 ms  DeleteObjects: 0.024900 ms)

========================================================================
Received Prepare
Registering precompiled user dll's ...
Registered in 0.024788 seconds.
Begin MonoManager ReloadAssembly
Native extension for WindowsStandalone target not found
Refreshing native plugins compatible for Editor in 0.24 ms, found 2 plugins.
Preloading 0 native plugins for Editor in 0.00 ms.
Mono: successfully reloaded assembly
- Completed reload, in  0.778 seconds
Platform modules already initialized, skipping
Refreshing native plugins compatible for Editor in 0.25 ms, found 2 plugins.
Preloading 0 native plugins for Editor in 0.00 ms.
Unloading 1411 Unused Serialized files (Serialized files now loaded: 0)
System memory in use before: 68.7 MB.
System memory in use after: 68.8 MB.

Unloading 13 unused Assets to reduce memory usage. Loaded Objects now: 1926.
Total: 1.500800 ms (FindLiveObjects: 0.117800 ms CreateObjectMapping: 0.038900 ms MarkObjects: 1.329900 ms  DeleteObjects: 0.013200 ms)

========================================================================
Received Prepare
Registering precompiled user dll's ...
Registered in 0.004571 seconds.
Begin MonoManager ReloadAssembly
Native extension for WindowsStandalone target not found
Refreshing native plugins compatible for Editor in 0.25 ms, found 2 plugins.
Preloading 0 native plugins for Editor in 0.00 ms.
Mono: successfully reloaded assembly
- Completed reload, in  0.841 seconds
Platform modules already initialized, skipping
Refreshing native plugins compatible for Editor in 0.27 ms, found 2 plugins.
Preloading 0 native plugins for Editor in 0.00 ms.
Unloading 1411 Unused Serialized files (Serialized files now loaded: 0)
System memory in use before: 68.7 MB.
System memory in use after: 68.8 MB.

Unloading 13 unused Assets to reduce memory usage. Loaded Objects now: 1929.
Total: 1.648800 ms (FindLiveObjects: 0.123800 ms CreateObjectMapping: 0.039700 ms MarkObjects: 1.468900 ms  DeleteObjects: 0.015400 ms)

========================================================================
Received Prepare
Registering precompiled user dll's ...
Registered in 0.003655 seconds.
Begin MonoManager ReloadAssembly
Native extension for WindowsStandalone target not found
Refreshing native plugins compatible for Editor in 0.25 ms, found 2 plugins.
Preloading 0 native plugins for Editor in 0.00 ms.
Mono: successfully reloaded assembly
- Completed reload, in  0.826 seconds
Platform modules already initialized, skipping
Refreshing native plugins compatible for Editor in 0.24 ms, found 2 plugins.
Preloading 0 native plugins for Editor in 0.00 ms.
Unloading 1411 Unused Serialized files (Serialized files now loaded: 0)
System memory in use before: 68.7 MB.
System memory in use after: 68.8 MB.

Unloading 13 unused Assets to reduce memory usage. Loaded Objects now: 1932.
Total: 1.776200 ms (FindLiveObjects: 0.145800 ms CreateObjectMapping: 0.040700 ms MarkObjects: 1.575800 ms  DeleteObjects: 0.013100 ms)

========================================================================
Received Prepare
Registering precompiled user dll's ...
Registered in 0.005352 seconds.
Begin MonoManager ReloadAssembly
Native extension for WindowsStandalone target not found
Refreshing native plugins compatible for Editor in 0.27 ms, found 2 plugins.
Preloading 0 native plugins for Editor in 0.00 ms.
Mono: successfully reloaded assembly
- Completed reload, in  0.840 seconds
Platform modules already initialized, skipping
Refreshing native plugins compatible for Editor in 0.24 ms, found 2 plugins.
Preloading 0 native plugins for Editor in 0.00 ms.
Unloading 1411 Unused Serialized files (Serialized files now loaded: 0)
System memory in use before: 68.7 MB.
System memory in use after: 68.8 MB.

Unloading 13 unused Assets to reduce memory usage. Loaded Objects now: 1935.
Total: 1.652000 ms (FindLiveObjects: 0.126700 ms CreateObjectMapping: 0.040400 ms MarkObjects: 1.469800 ms  DeleteObjects: 0.014200 ms)

========================================================================
Received Prepare
Registering precompiled user dll's ...
Registered in 0.003369 seconds.
Begin MonoManager ReloadAssembly
Native extension for WindowsStandalone target not found
Refreshing native plugins compatible for Editor in 0.25 ms, found 2 plugins.
Preloading 0 native plugins for Editor in 0.00 ms.
Mono: successfully reloaded assembly
- Completed reload, in  0.805 seconds
Platform modules already initialized, skipping
Refreshing native plugins compatible for Editor in 0.27 ms, found 2 plugins.
Preloading 0 native plugins for Editor in 0.00 ms.
Unloading 1411 Unused Serialized files (Serialized files now loaded: 0)
System memory in use before: 68.7 MB.
System memory in use after: 68.8 MB.

Unloading 13 unused Assets to reduce memory usage. Loaded Objects now: 1938.
Total: 1.605600 ms (FindLiveObjects: 0.118800 ms CreateObjectMapping: 0.040600 ms MarkObjects: 1.430900 ms  DeleteObjects: 0.014500 ms)

========================================================================
Received Import Request.
  Time since last request: 5922.714572 seconds.
  path: Assets/Scripts/Weapons/UnArmedWeapon/UnarmedWeapon.asset
  artifactKey: Guid(656e94b6b2e8fab48858401ac4c1aea0) Importer(815301076,1909f56bfc062723c751e8b465ee728b)
Start importing Assets/Scripts/Weapons/UnArmedWeapon/UnarmedWeapon.asset using Guid(656e94b6b2e8fab48858401ac4c1aea0) Importer(815301076,1909f56bfc062723c751e8b465ee728b)  -> (artifact id: 'bd3ffaba61659c17548b59d1c6c0a40e') in 0.017677 seconds
  Import took 0.019849 seconds .

========================================================================
Received Prepare
Registering precompiled user dll's ...
Registered in 0.003428 seconds.
Begin MonoManager ReloadAssembly
Native extension for WindowsStandalone target not found
Refreshing native plugins compatible for Editor in 0.27 ms, found 2 plugins.
Preloading 0 native plugins for Editor in 0.00 ms.
Mono: successfully reloaded assembly
- Completed reload, in  0.817 seconds
Platform modules already initialized, skipping
Refreshing native plugins compatible for Editor in 0.28 ms, found 2 plugins.
Preloading 0 native plugins for Editor in 0.00 ms.
Unloading 1411 Unused Serialized files (Serialized files now loaded: 0)
System memory in use before: 68.7 MB.
System memory in use after: 68.8 MB.

Unloading 13 unused Assets to reduce memory usage. Loaded Objects now: 1941.
Total: 1.548300 ms (FindLiveObjects: 0.155800 ms CreateObjectMapping: 0.042400 ms MarkObjects: 1.332500 ms  DeleteObjects: 0.016700 ms)

========================================================================
Received Import Request.
  Time since last request: 11.974802 seconds.
  path: Assets/Scripts/Weapons/UnArmedWeapon/UnarmedWeapon.cs
  artifactKey: Guid(d2244c4b92551334caf8e6972ba5ff3e) Importer(815301076,1909f56bfc062723c751e8b465ee728b)
Start importing Assets/Scripts/Weapons/UnArmedWeapon/UnarmedWeapon.cs using Guid(d2244c4b92551334caf8e6972ba5ff3e) Importer(815301076,1909f56bfc062723c751e8b465ee728b)  -> (artifact id: 'f5c07cf52eb726ae2baa22d317cd5614') in 0.006525 seconds
  Import took 0.008355 seconds .

========================================================================
Received Import Request.
  Time since last request: 1.314801 seconds.
  path: Assets/Scripts/Weapons/UnArmedWeapon/UnarmedWeapon.cs
  artifactKey: Guid(d2244c4b92551334caf8e6972ba5ff3e) Importer(815301076,1909f56bfc062723c751e8b465ee728b)
Start importing Assets/Scripts/Weapons/UnArmedWeapon/UnarmedWeapon.cs using Guid(d2244c4b92551334caf8e6972ba5ff3e) Importer(815301076,1909f56bfc062723c751e8b465ee728b)  -> (artifact id: 'f5c07cf52eb726ae2baa22d317cd5614') in 0.006021 seconds
  Import took 0.008075 seconds .

========================================================================
Received Prepare
Registering precompiled user dll's ...
Registered in 0.004159 seconds.
Begin MonoManager ReloadAssembly
Native extension for WindowsStandalone target not found
Refreshing native plugins compatible for Editor in 0.25 ms, found 2 plugins.
Preloading 0 native plugins for Editor in 0.00 ms.
Mono: successfully reloaded assembly
- Completed reload, in  0.845 seconds
Platform modules already initialized, skipping
Refreshing native plugins compatible for Editor in 0.24 ms, found 2 plugins.
Preloading 0 native plugins for Editor in 0.00 ms.
Unloading 1411 Unused Serialized files (Serialized files now loaded: 0)
System memory in use before: 68.7 MB.
System memory in use after: 68.8 MB.

Unloading 13 unused Assets to reduce memory usage. Loaded Objects now: 1944.
Total: 1.642300 ms (FindLiveObjects: 0.113400 ms CreateObjectMapping: 0.036100 ms MarkObjects: 1.472300 ms  DeleteObjects: 0.019400 ms)

========================================================================
Received Prepare
Registering precompiled user dll's ...
Registered in 0.003899 seconds.
Begin MonoManager ReloadAssembly
Native extension for WindowsStandalone target not found
Refreshing native plugins compatible for Editor in 0.25 ms, found 2 plugins.
Preloading 0 native plugins for Editor in 0.00 ms.
Mono: successfully reloaded assembly
- Completed reload, in  0.868 seconds
Platform modules already initialized, skipping
Refreshing native plugins compatible for Editor in 0.24 ms, found 2 plugins.
Preloading 0 native plugins for Editor in 0.00 ms.
Unloading 1411 Unused Serialized files (Serialized files now loaded: 0)
System memory in use before: 68.7 MB.
System memory in use after: 68.8 MB.

Unloading 13 unused Assets to reduce memory usage. Loaded Objects now: 1947.
Total: 1.430100 ms (FindLiveObjects: 0.125100 ms CreateObjectMapping: 0.041100 ms MarkObjects: 1.249900 ms  DeleteObjects: 0.013500 ms)

========================================================================
Received Import Request.
  Time since last request: 1950.227836 seconds.
  path: Assets/Scripts/Weapons/Sword/SwordData.asset
  artifactKey: Guid(b1a8bcdc92422bc4799acdf329504d81) Importer(815301076,1909f56bfc062723c751e8b465ee728b)
Start importing Assets/Scripts/Weapons/Sword/SwordData.asset using Guid(b1a8bcdc92422bc4799acdf329504d81) Importer(815301076,1909f56bfc062723c751e8b465ee728b)  -> (artifact id: '5a5a11a67ff07f86b59928a7656fc68e') in 0.013141 seconds
  Import took 0.015223 seconds .

========================================================================
Received Import Request.
  Time since last request: 9.082525 seconds.
  path: Assets/Scripts/Weapons/Bow/BowData.asset
  artifactKey: Guid(875621350cc69dc4bb6ad9e95c9e246e) Importer(815301076,1909f56bfc062723c751e8b465ee728b)
Start importing Assets/Scripts/Weapons/Bow/BowData.asset using Guid(875621350cc69dc4bb6ad9e95c9e246e) Importer(815301076,1909f56bfc062723c751e8b465ee728b)  -> (artifact id: '65c07de56358f82bdfa162088c2339e2') in 0.007019 seconds
  Import took 0.009798 seconds .

